<?xml version="1.0" encoding="UTF-8"?>
<!-- Generated by org.testng.reporters.JUnitReportReporter -->
<testsuite skipped="0" hostname="BAN-OJHAMW10" name="Runner.TestRunner" tests="1" failures="0" timestamp="11 Oct 2018 10:13:55 GMT" time="13.040" errors="0">
  <testcase name="feature" time="13.040" classname="Runner.TestRunner"/>
</testsuite> <!-- Runner.TestRunner -->
